<?xml version="1.0" encoding="UTF-8"?>
<testng-results skipped="1" failed="0" ignored="4" total="7" passed="2">
  <reporter-output>
  </reporter-output>
  <suite name="Suite" duration-ms="26698" started-at="2020-01-07T13:13:34 IST" finished-at="2020-01-07T13:14:01 IST">
    <groups>
      <group name="Test12">
        <method signature="Cpm_Test_login.getLigin_details()[pri:0, instance:testpackage.Cpm_Test_login@2898ac89]" name="getLigin_details" class="testpackage.Cpm_Test_login"/>
      </group> <!-- Test12 -->
    </groups>
    <test name="Test" duration-ms="26698" started-at="2020-01-07T13:13:34 IST" finished-at="2020-01-07T13:14:01 IST">
      <class name="testpackage.CPM_Test_AfterLogin">
        <test-method status="FAIL" signature="setup()[pri:0, instance:testpackage.CPM_Test_AfterLogin@683dbc2c]" name="setup" is-config="true" duration-ms="1" started-at="2020-01-07T13:14:01 IST" finished-at="2020-01-07T13:14:01 IST">
          <exception class="java.lang.NullPointerException">
            <full-stacktrace>
              <![CDATA[java.lang.NullPointerException
at testpackage.Utility_Baseclass.setup(Utility_Baseclass.java:48)
at sun.reflect.NativeMethodAccessorImpl.invoke0(Native Method)
at sun.reflect.NativeMethodAccessorImpl.invoke(NativeMethodAccessorImpl.java:62)
at sun.reflect.DelegatingMethodAccessorImpl.invoke(DelegatingMethodAccessorImpl.java:43)
at java.lang.reflect.Method.invoke(Method.java:498)
at org.testng.internal.MethodInvocationHelper.invokeMethod(MethodInvocationHelper.java:133)
at org.testng.internal.MethodInvocationHelper.invokeMethodConsideringTimeout(MethodInvocationHelper.java:62)
at org.testng.internal.ConfigInvoker.invokeConfigurationMethod(ConfigInvoker.java:340)
at org.testng.internal.ConfigInvoker.invokeConfigurations(ConfigInvoker.java:294)
at org.testng.internal.TestMethodWorker.invokeBeforeClassMethods(TestMethodWorker.java:176)
at org.testng.internal.TestMethodWorker.run(TestMethodWorker.java:122)
at java.util.ArrayList.forEach(ArrayList.java:1257)
at org.testng.TestRunner.privateRun(TestRunner.java:770)
at org.testng.TestRunner.run(TestRunner.java:591)
at org.testng.SuiteRunner.runTest(SuiteRunner.java:402)
at org.testng.SuiteRunner.runSequentially(SuiteRunner.java:396)
at org.testng.SuiteRunner.privateRun(SuiteRunner.java:355)
at org.testng.SuiteRunner.run(SuiteRunner.java:304)
at org.testng.SuiteRunnerWorker.runSuite(SuiteRunnerWorker.java:53)
at org.testng.SuiteRunnerWorker.run(SuiteRunnerWorker.java:96)
at org.testng.TestNG.runSuitesSequentially(TestNG.java:1180)
at org.testng.TestNG.runSuitesLocally(TestNG.java:1102)
at org.testng.TestNG.runSuites(TestNG.java:1032)
at org.testng.TestNG.run(TestNG.java:1000)
at org.testng.remote.AbstractRemoteTestNG.run(AbstractRemoteTestNG.java:115)
at org.testng.remote.RemoteTestNG.initAndRun(RemoteTestNG.java:251)
at org.testng.remote.RemoteTestNG.main(RemoteTestNG.java:77)
]]>
            </full-stacktrace>
          </exception> <!-- java.lang.NullPointerException -->
          <reporter-output>
          </reporter-output>
        </test-method> <!-- setup -->
        <test-method status="SKIP" signature="SetExtent()[pri:0, instance:testpackage.CPM_Test_AfterLogin@683dbc2c]" name="SetExtent" is-config="true" duration-ms="-1578383041075" started-at="2020-01-07T13:14:01 IST" finished-at="1970-01-01T05:30:00 IST">
          <reporter-output>
          </reporter-output>
        </test-method> <!-- SetExtent -->
        <test-method status="SKIP" signature="dashboard()[pri:0, instance:testpackage.CPM_Test_AfterLogin@683dbc2c]" name="dashboard" duration-ms="0" started-at="2020-01-07T13:14:01 IST" finished-at="2020-01-07T13:14:01 IST">
          <exception class="java.lang.NullPointerException">
            <full-stacktrace>
              <![CDATA[java.lang.NullPointerException
at testpackage.Utility_Baseclass.setup(Utility_Baseclass.java:48)
at sun.reflect.NativeMethodAccessorImpl.invoke0(Native Method)
at sun.reflect.NativeMethodAccessorImpl.invoke(NativeMethodAccessorImpl.java:62)
at sun.reflect.DelegatingMethodAccessorImpl.invoke(DelegatingMethodAccessorImpl.java:43)
at java.lang.reflect.Method.invoke(Method.java:498)
at org.testng.internal.MethodInvocationHelper.invokeMethod(MethodInvocationHelper.java:133)
at org.testng.internal.MethodInvocationHelper.invokeMethodConsideringTimeout(MethodInvocationHelper.java:62)
at org.testng.internal.ConfigInvoker.invokeConfigurationMethod(ConfigInvoker.java:340)
at org.testng.internal.ConfigInvoker.invokeConfigurations(ConfigInvoker.java:294)
at org.testng.internal.TestMethodWorker.invokeBeforeClassMethods(TestMethodWorker.java:176)
at org.testng.internal.TestMethodWorker.run(TestMethodWorker.java:122)
at java.util.ArrayList.forEach(ArrayList.java:1257)
at org.testng.TestRunner.privateRun(TestRunner.java:770)
at org.testng.TestRunner.run(TestRunner.java:591)
at org.testng.SuiteRunner.runTest(SuiteRunner.java:402)
at org.testng.SuiteRunner.runSequentially(SuiteRunner.java:396)
at org.testng.SuiteRunner.privateRun(SuiteRunner.java:355)
at org.testng.SuiteRunner.run(SuiteRunner.java:304)
at org.testng.SuiteRunnerWorker.runSuite(SuiteRunnerWorker.java:53)
at org.testng.SuiteRunnerWorker.run(SuiteRunnerWorker.java:96)
at org.testng.TestNG.runSuitesSequentially(TestNG.java:1180)
at org.testng.TestNG.runSuitesLocally(TestNG.java:1102)
at org.testng.TestNG.runSuites(TestNG.java:1032)
at org.testng.TestNG.run(TestNG.java:1000)
at org.testng.remote.AbstractRemoteTestNG.run(AbstractRemoteTestNG.java:115)
at org.testng.remote.RemoteTestNG.initAndRun(RemoteTestNG.java:251)
at org.testng.remote.RemoteTestNG.main(RemoteTestNG.java:77)
]]>
            </full-stacktrace>
          </exception> <!-- java.lang.NullPointerException -->
          <reporter-output>
          </reporter-output>
        </test-method> <!-- dashboard -->
        <test-method status="SKIP" signature="screenshoton_failure(org.testng.ITestResult)[pri:0, instance:testpackage.CPM_Test_AfterLogin@683dbc2c]" name="screenshoton_failure" is-config="true" duration-ms="-1578383041101" started-at="2020-01-07T13:14:01 IST" finished-at="1970-01-01T05:30:00 IST">
          <reporter-output>
          </reporter-output>
        </test-method> <!-- screenshoton_failure -->
      </class> <!-- testpackage.CPM_Test_AfterLogin -->
      <class name="testpackage.Cpm_Test_login">
        <test-method status="PASS" signature="loadfile()[pri:0, instance:testpackage.Cpm_Test_login@2898ac89]" name="loadfile" is-config="true" duration-ms="215" started-at="2020-01-07T13:13:34 IST" finished-at="2020-01-07T13:13:34 IST">
          <reporter-output>
          </reporter-output>
        </test-method> <!-- loadfile -->
        <test-method status="PASS" signature="setup()[pri:0, instance:testpackage.Cpm_Test_login@2898ac89]" name="setup" is-config="true" duration-ms="14235" started-at="2020-01-07T13:13:34 IST" finished-at="2020-01-07T13:13:48 IST">
          <reporter-output>
          </reporter-output>
        </test-method> <!-- setup -->
        <test-method status="PASS" signature="SetExtent()[pri:0, instance:testpackage.Cpm_Test_login@2898ac89]" name="SetExtent" is-config="true" duration-ms="1" started-at="2020-01-07T13:13:48 IST" finished-at="2020-01-07T13:13:48 IST">
          <reporter-output>
          </reporter-output>
        </test-method> <!-- SetExtent -->
        <test-method status="PASS" signature="getLigin_details()[pri:0, instance:testpackage.Cpm_Test_login@2898ac89]" name="getLigin_details" duration-ms="11349" started-at="2020-01-07T13:13:48 IST" finished-at="2020-01-07T13:14:00 IST">
          <reporter-output>
          </reporter-output>
        </test-method> <!-- getLigin_details -->
        <test-method status="PASS" signature="screenshoton_failure(org.testng.ITestResult)[pri:0, instance:testpackage.Cpm_Test_login@2898ac89]" name="screenshoton_failure" is-config="true" duration-ms="658" started-at="2020-01-07T13:14:00 IST" finished-at="2020-01-07T13:14:00 IST">
          <params>
            <param index="0">
              <value>
                <![CDATA[[TestResult name=getLigin_details status=SUCCESS method=Cpm_Test_login.getLigin_details()[pri:0, instance:testpackage.Cpm_Test_login@2898ac89] output={null}]]]>
              </value>
            </param>
          </params>
          <reporter-output>
          </reporter-output>
        </test-method> <!-- screenshoton_failure -->
        <test-method status="PASS" signature="SetExtent()[pri:0, instance:testpackage.Cpm_Test_login@2898ac89]" name="SetExtent" is-config="true" duration-ms="1" started-at="2020-01-07T13:14:00 IST" finished-at="2020-01-07T13:14:00 IST">
          <reporter-output>
          </reporter-output>
        </test-method> <!-- SetExtent -->
        <test-method status="PASS" signature="loginverified()[pri:0, instance:testpackage.Cpm_Test_login@2898ac89]" name="loginverified" duration-ms="116" started-at="2020-01-07T13:14:00 IST" finished-at="2020-01-07T13:14:00 IST">
          <reporter-output>
          </reporter-output>
        </test-method> <!-- loginverified -->
        <test-method status="PASS" signature="screenshoton_failure(org.testng.ITestResult)[pri:0, instance:testpackage.Cpm_Test_login@2898ac89]" name="screenshoton_failure" is-config="true" duration-ms="156" started-at="2020-01-07T13:14:00 IST" finished-at="2020-01-07T13:14:00 IST">
          <params>
            <param index="0">
              <value>
                <![CDATA[[TestResult name=loginverified status=SUCCESS method=Cpm_Test_login.loginverified()[pri:0, instance:testpackage.Cpm_Test_login@2898ac89] output={null}]]]>
              </value>
            </param>
          </params>
          <reporter-output>
          </reporter-output>
        </test-method> <!-- screenshoton_failure -->
        <test-method status="PASS" signature="terminate()[pri:0, instance:testpackage.Cpm_Test_login@2898ac89]" name="terminate" is-config="true" duration-ms="272" started-at="2020-01-07T13:14:01 IST" finished-at="2020-01-07T13:14:01 IST">
          <reporter-output>
          </reporter-output>
        </test-method> <!-- terminate -->
      </class> <!-- testpackage.Cpm_Test_login -->
    </test> <!-- Test -->
  </suite> <!-- Suite -->
</testng-results>
