<?xml version="1.0" encoding="UTF-8"?>
<!-- Generated by org.testng.reporters.JUnitXMLReporter -->
<testsuite hostname="Vivek-mac-mini.local" ignored="4" name="Test" tests="3" failures="0" timestamp="2020-01-07T13:14:01 IST" time="26.698" errors="0">
  <testcase name="@BeforeClass setup" time="0.001" classname="testpackage.Utility_Baseclass">
    <failure type="java.lang.NullPointerException">
      <![CDATA[java.lang.NullPointerException
at testpackage.Utility_Baseclass.setup(Utility_Baseclass.java:48)
at java.util.ArrayList.forEach(ArrayList.java:1257)
... Removed 25 stack frames]]>
    </failure>
  </testcase> <!-- @BeforeClass setup -->
  <testcase name="@BeforeMethod SetExtent" time="-1.578383041075E9" classname="testpackage.Utility_Baseclass">
    <skipped/>
  </testcase> <!-- @BeforeMethod SetExtent -->
  <testcase name="@AfterMethod screenshoton_failure" time="-1.578383041101E9" classname="testpackage.Utility_Baseclass">
    <skipped/>
  </testcase> <!-- @AfterMethod screenshoton_failure -->
  <testcase name="getLigin_details" time="11.349" classname="testpackage.Cpm_Test_login"/>
  <testcase name="loginverified" time="0.116" classname="testpackage.Cpm_Test_login"/>
  <testcase name="dashboard" time="0.0" classname="testpackage.CPM_Test_AfterLogin">
    <skipped/>
  </testcase> <!-- dashboard -->
  <testcase name="@AfterSuite terminate" time="0.0" classname="testpackage.Utility_Baseclass">
    <ignored/>
  </testcase> <!-- @AfterSuite terminate -->
  <testcase name="@AfterSuite terminate" time="0.0" classname="testpackage.Utility_Baseclass">
    <ignored/>
  </testcase> <!-- @AfterSuite terminate -->
  <testcase name="@BeforeSuite loadfile" time="0.0" classname="testpackage.Utility_Baseclass">
    <ignored/>
  </testcase> <!-- @BeforeSuite loadfile -->
  <testcase name="@BeforeSuite loadfile" time="0.0" classname="testpackage.Utility_Baseclass">
    <ignored/>
  </testcase> <!-- @BeforeSuite loadfile -->
</testsuite> <!-- Test -->
